<?xml version="1.0" encoding="UTF-8"?>
<testsuite xmlns:xsi="http://www.w3.org/2001/XMLSchema-instance" xsi:noNamespaceSchemaLocation="https://maven.apache.org/surefire/maven-surefire-plugin/xsd/surefire-test-report-3.0.xsd" version="3.0" name="TestSuite" time="3.331" tests="63" errors="0" skipped="59" failures="4">
  <properties>
[...]
</properties>
  <testcase name="launchApplication" classname="tests.shoppingFunctionality" time="2.016">
    <failure message="The driver executable must exist: /Users/priyankaverma/amazonFramework/./chromedriver" type="java.lang.IllegalStateException"><![CDATA[java.lang.IllegalStateException: The driver executable must exist: /Users/priyankaverma/amazonFramework/./chromedriver
	at org.openqa.selenium.internal.Require$FileStateChecker.isFile(Require.java:345)
	at org.openqa.selenium.remote.service.DriverService.checkExecutable(DriverService.java:161)
	at org.openqa.selenium.remote.service.DriverService.findExecutable(DriverService.java:156)
	at org.openqa.selenium.chrome.ChromeDriverService.access$000(ChromeDriverService.java:42)
	at org.openqa.selenium.chrome.ChromeDriverService$Builder.findDefaultExecutable(ChromeDriverService.java:315)
	at org.openqa.selenium.remote.service.DriverService$Builder.build(DriverService.java:456)
	at org.openqa.selenium.chrome.ChromeDriverService.createServiceWithConfig(ChromeDriverService.java:165)
	at org.openqa.selenium.chrome.ChromeDriver.<init>(ChromeDriver.java:71)
	at mainTestComponents.BaseTest.initializeDriver(BaseTest.java:41)
	at mainTestComponents.BaseTest.launchApplication(BaseTest.java:72)
	at java.base/jdk.internal.reflect.NativeMethodAccessorImpl.invoke0(Native Method)
	at java.base/jdk.internal.reflect.NativeMethodAccessorImpl.invoke(NativeMethodAccessorImpl.java:77)
	at java.base/jdk.internal.reflect.DelegatingMethodAccessorImpl.invoke(DelegatingMethodAccessorImpl.java:43)
	at java.base/java.lang.reflect.Method.invoke(Method.java:568)
	at org.testng.internal.invokers.MethodInvocationHelper.invokeMethod(MethodInvocationHelper.java:139)
	at org.testng.internal.invokers.MethodInvocationHelper.invokeMethodConsideringTimeout(MethodInvocationHelper.java:69)
	at org.testng.internal.invokers.ConfigInvoker.invokeConfigurationMethod(ConfigInvoker.java:361)
	at org.testng.internal.invokers.ConfigInvoker.invokeConfigurations(ConfigInvoker.java:296)
	at org.testng.internal.invokers.TestInvoker.runConfigMethods(TestInvoker.java:823)
	at org.testng.internal.invokers.TestInvoker.invokeMethod(TestInvoker.java:590)
	at org.testng.internal.invokers.TestInvoker.invokeTestMethod(TestInvoker.java:221)
	at org.testng.internal.invokers.MethodRunner.runInSequence(MethodRunner.java:50)
	at org.testng.internal.invokers.TestInvoker$MethodInvocationAgent.invoke(TestInvoker.java:969)
	at org.testng.internal.invokers.TestInvoker.invokeTestMethods(TestInvoker.java:194)
	at org.testng.internal.invokers.TestMethodWorker.invokeTestMethods(TestMethodWorker.java:148)
	at org.testng.internal.invokers.TestMethodWorker.run(TestMethodWorker.java:128)
	at java.base/java.util.concurrent.ThreadPoolExecutor.runWorker(ThreadPoolExecutor.java:1136)
	at java.base/java.util.concurrent.ThreadPoolExecutor$Worker.run(ThreadPoolExecutor.java:635)
	at java.base/java.lang.Thread.run(Thread.java:833)
]]></failure>
    <system-out><![CDATA[null
webdriver.chrome.driver
null
pythontesting3134@gmail.com
null
webdriver.chrome.driver
null
pythontesting3134@gmail.com
null
webdriver.chrome.driver
null
webdriver.chrome.driver
null
pythontesting3134@gmail.com
null
webdriver.chrome.driver
null
pythontesting3134@gmail.com
null
webdriver.chrome.driver
null
pythontesting3134@gmail.com
null
webdriver.chrome.driver
null
webdriver.chrome.driver
null
pythontesting3134@gmail.com
]]></system-out>
    <system-err><![CDATA[SLF4J: Failed to load class "org.slf4j.impl.StaticLoggerBinder".
SLF4J: Defaulting to no-operation (NOP) logger implementation
SLF4J: See http://www.slf4j.org/codes.html#StaticLoggerBinder for further details.
]]></system-err>
  </testcase>
  <testcase name="launchApplication" classname="tests.shoppingFunctionality" time="0">
    <skipped/>
  </testcase>
  <testcase name="launchApplication" classname="tests.shoppingFunctionality" time="0">
    <skipped/>
  </testcase>
  <testcase name="launchApplication" classname="tests.shoppingFunctionality" time="0">
    <skipped/>
  </testcase>
  <testcase name="launchApplication" classname="tests.shoppingFunctionality" time="0">
    <skipped/>
  </testcase>
  <testcase name="launchApplication" classname="tests.shoppingFunctionality" time="0">
    <skipped/>
  </testcase>
  <testcase name="launchApplication" classname="tests.shoppingFunctionality" time="0">
    <skipped/>
  </testcase>
  <testcase name="launchApplication" classname="tests.shoppingFunctionality" time="0">
    <skipped/>
  </testcase>
  <testcase name="launchApplication" classname="tests.shoppingFunctionality" time="0">
    <skipped/>
  </testcase>
  <testcase name="launchApplication" classname="tests.shoppingFunctionality" time="0">
    <skipped/>
  </testcase>
  <testcase name="launchApplication" classname="tests.shoppingFunctionality" time="0">
    <skipped/>
  </testcase>
  <testcase name="launchApplication" classname="tests.shoppingFunctionality" time="0">
    <skipped/>
  </testcase>
  <testcase name="addProductAfterSignIn" classname="tests.shoppingFunctionality" time="0">
    <skipped message="The driver executable must exist: /Users/priyankaverma/amazonFramework/./chromedriver"/>
  </testcase>
  <testcase name="closing" classname="tests.shoppingFunctionality" time="0">
    <skipped/>
  </testcase>
  <testcase name="closing" classname="tests.shoppingFunctionality" time="0">
    <skipped/>
  </testcase>
  <testcase name="closing" classname="tests.shoppingFunctionality" time="0">
    <skipped/>
  </testcase>
  <testcase name="closing" classname="tests.shoppingFunctionality" time="0">
    <skipped/>
  </testcase>
  <testcase name="closing" classname="tests.shoppingFunctionality" time="0">
    <skipped/>
  </testcase>
  <testcase name="closing" classname="tests.shoppingFunctionality" time="0">
    <skipped/>
  </testcase>
  <testcase name="closing" classname="tests.shoppingFunctionality" time="0">
    <skipped/>
  </testcase>
  <testcase name="closing" classname="tests.shoppingFunctionality" time="0">
    <skipped/>
  </testcase>
  <testcase name="closing" classname="tests.shoppingFunctionality" time="0">
    <skipped/>
  </testcase>
  <testcase name="closing" classname="tests.shoppingFunctionality" time="0">
    <skipped/>
  </testcase>
  <testcase name="closing" classname="tests.shoppingFunctionality" time="0">
    <skipped/>
  </testcase>
  <testcase name="closing" classname="tests.shoppingFunctionality" time="0">
    <skipped/>
  </testcase>
  <testcase name="addProductWithoutSignIn" classname="tests.shoppingFunctionality" time="0">
    <skipped message="The driver executable must exist: /Users/priyankaverma/amazonFramework/./chromedriver"/>
  </testcase>
  <testcase name="buyNowButton" classname="tests.shoppingFunctionality" time="0">
    <skipped message="The driver executable must exist: /Users/priyankaverma/amazonFramework/./chromedriver"/>
  </testcase>
  <testcase name="charText" classname="tests.shoppingFunctionality" time="0">
    <skipped message="The driver executable must exist: /Users/priyankaverma/amazonFramework/./chromedriver"/>
  </testcase>
  <testcase name="editQuantity" classname="tests.shoppingFunctionality" time="0">
    <skipped message="The driver executable must exist: /Users/priyankaverma/amazonFramework/./chromedriver"/>
  </testcase>
  <testcase name="filterElements" classname="tests.shoppingFunctionality" time="0">
    <skipped message="The driver executable must exist: /Users/priyankaverma/amazonFramework/./chromedriver"/>
  </testcase>
  <testcase name="filterFunctionality" classname="tests.shoppingFunctionality" time="0">
    <skipped message="The driver executable must exist: /Users/priyankaverma/amazonFramework/./chromedriver"/>
  </testcase>
  <testcase name="invalidText" classname="tests.shoppingFunctionality" time="0">
    <skipped message="The driver executable must exist: /Users/priyankaverma/amazonFramework/./chromedriver"/>
  </testcase>
  <testcase name="navigation" classname="tests.shoppingFunctionality" time="0">
    <skipped message="The driver executable must exist: /Users/priyankaverma/amazonFramework/./chromedriver"/>
  </testcase>
  <testcase name="removeProductsFromCart" classname="tests.shoppingFunctionality" time="0">
    <skipped message="The driver executable must exist: /Users/priyankaverma/amazonFramework/./chromedriver"/>
  </testcase>
  <testcase name="searchResult" classname="tests.shoppingFunctionality" time="0">
    <skipped message="The driver executable must exist: /Users/priyankaverma/amazonFramework/./chromedriver"/>
  </testcase>
  <testcase name="sortFunctionality" classname="tests.shoppingFunctionality" time="0">
    <skipped message="The driver executable must exist: /Users/priyankaverma/amazonFramework/./chromedriver"/>
  </testcase>
  <testcase name="launchApplication" classname="tests.homePage" time="2.018">
    <failure message="The driver executable must exist: /Users/priyankaverma/amazonFramework/./chromedriver" type="java.lang.IllegalStateException"><![CDATA[java.lang.IllegalStateException: The driver executable must exist: /Users/priyankaverma/amazonFramework/./chromedriver
	at org.openqa.selenium.internal.Require$FileStateChecker.isFile(Require.java:345)
	at org.openqa.selenium.remote.service.DriverService.checkExecutable(DriverService.java:161)
	at org.openqa.selenium.remote.service.DriverService.findExecutable(DriverService.java:156)
	at org.openqa.selenium.chrome.ChromeDriverService.access$000(ChromeDriverService.java:42)
	at org.openqa.selenium.chrome.ChromeDriverService$Builder.findDefaultExecutable(ChromeDriverService.java:315)
	at org.openqa.selenium.remote.service.DriverService$Builder.build(DriverService.java:456)
	at org.openqa.selenium.chrome.ChromeDriverService.createServiceWithConfig(ChromeDriverService.java:165)
	at org.openqa.selenium.chrome.ChromeDriver.<init>(ChromeDriver.java:71)
	at mainTestComponents.BaseTest.initializeDriver(BaseTest.java:41)
	at mainTestComponents.BaseTest.launchApplication(BaseTest.java:72)
	at java.base/jdk.internal.reflect.NativeMethodAccessorImpl.invoke0(Native Method)
	at java.base/jdk.internal.reflect.NativeMethodAccessorImpl.invoke(NativeMethodAccessorImpl.java:77)
	at java.base/jdk.internal.reflect.DelegatingMethodAccessorImpl.invoke(DelegatingMethodAccessorImpl.java:43)
	at java.base/java.lang.reflect.Method.invoke(Method.java:568)
	at org.testng.internal.invokers.MethodInvocationHelper.invokeMethod(MethodInvocationHelper.java:139)
	at org.testng.internal.invokers.MethodInvocationHelper.invokeMethodConsideringTimeout(MethodInvocationHelper.java:69)
	at org.testng.internal.invokers.ConfigInvoker.invokeConfigurationMethod(ConfigInvoker.java:361)
	at org.testng.internal.invokers.ConfigInvoker.invokeConfigurations(ConfigInvoker.java:296)
	at org.testng.internal.invokers.TestInvoker.runConfigMethods(TestInvoker.java:823)
	at org.testng.internal.invokers.TestInvoker.invokeMethod(TestInvoker.java:590)
	at org.testng.internal.invokers.TestInvoker.invokeTestMethod(TestInvoker.java:221)
	at org.testng.internal.invokers.MethodRunner.runInSequence(MethodRunner.java:50)
	at org.testng.internal.invokers.TestInvoker$MethodInvocationAgent.invoke(TestInvoker.java:969)
	at org.testng.internal.invokers.TestInvoker.invokeTestMethods(TestInvoker.java:194)
	at org.testng.internal.invokers.TestMethodWorker.invokeTestMethods(TestMethodWorker.java:148)
	at org.testng.internal.invokers.TestMethodWorker.run(TestMethodWorker.java:128)
	at java.base/java.util.concurrent.ThreadPoolExecutor.runWorker(ThreadPoolExecutor.java:1136)
	at java.base/java.util.concurrent.ThreadPoolExecutor$Worker.run(ThreadPoolExecutor.java:635)
	at java.base/java.lang.Thread.run(Thread.java:833)
]]></failure>
  </testcase>
  <testcase name="launchApplication" classname="tests.homePage" time="0">
    <skipped/>
  </testcase>
  <testcase name="launchApplication" classname="tests.homePage" time="0">
    <skipped/>
  </testcase>
  <testcase name="launchApplication" classname="tests.homePage" time="0">
    <skipped/>
  </testcase>
  <testcase name="launchApplication" classname="tests.homePage" time="0">
    <skipped/>
  </testcase>
  <testcase name="launchApplication" classname="tests.homePage" time="0">
    <skipped/>
  </testcase>
  <testcase name="launchApplication" classname="tests.homePage" time="0">
    <skipped/>
  </testcase>
  <testcase name="categorizedProducts" classname="tests.homePage" time="0">
    <skipped message="The driver executable must exist: /Users/priyankaverma/amazonFramework/./chromedriver"/>
  </testcase>
  <testcase name="closing" classname="tests.homePage" time="0">
    <skipped/>
  </testcase>
  <testcase name="closing" classname="tests.homePage" time="0">
    <skipped/>
  </testcase>
  <testcase name="closing" classname="tests.homePage" time="0">
    <skipped/>
  </testcase>
  <testcase name="closing" classname="tests.homePage" time="0">
    <skipped/>
  </testcase>
  <testcase name="closing" classname="tests.homePage" time="0">
    <skipped/>
  </testcase>
  <testcase name="closing" classname="tests.homePage" time="0">
    <skipped/>
  </testcase>
  <testcase name="closing" classname="tests.homePage" time="0">
    <skipped/>
  </testcase>
  <testcase name="footerSection" classname="tests.homePage" time="0">
    <skipped message="The driver executable must exist: /Users/priyankaverma/amazonFramework/./chromedriver"/>
  </testcase>
  <testcase name="homePageSignIn" classname="tests.homePage" time="0">
    <skipped message="The driver executable must exist: /Users/priyankaverma/amazonFramework/./chromedriver"/>
  </testcase>
  <testcase name="hovering" classname="tests.homePage" time="0">
    <skipped message="The driver executable must exist: /Users/priyankaverma/amazonFramework/./chromedriver"/>
  </testcase>
  <testcase name="productLinks" classname="tests.homePage" time="0">
    <skipped message="The driver executable must exist: /Users/priyankaverma/amazonFramework/./chromedriver"/>
  </testcase>
  <testcase name="productsContainerDisplay" classname="tests.homePage" time="0">
    <skipped message="The driver executable must exist: /Users/priyankaverma/amazonFramework/./chromedriver"/>
  </testcase>
  <testcase name="validText" classname="tests.homePage" time="0">
    <skipped message="The driver executable must exist: /Users/priyankaverma/amazonFramework/./chromedriver"/>
  </testcase>
  <testcase name="launchApplication" classname="tests.errorValidation" time="2.018">
    <failure message="The driver executable must exist: /Users/priyankaverma/amazonFramework/./chromedriver" type="java.lang.IllegalStateException"><![CDATA[java.lang.IllegalStateException: The driver executable must exist: /Users/priyankaverma/amazonFramework/./chromedriver
	at org.openqa.selenium.internal.Require$FileStateChecker.isFile(Require.java:345)
	at org.openqa.selenium.remote.service.DriverService.checkExecutable(DriverService.java:161)
	at org.openqa.selenium.remote.service.DriverService.findExecutable(DriverService.java:156)
	at org.openqa.selenium.chrome.ChromeDriverService.access$000(ChromeDriverService.java:42)
	at org.openqa.selenium.chrome.ChromeDriverService$Builder.findDefaultExecutable(ChromeDriverService.java:315)
	at org.openqa.selenium.remote.service.DriverService$Builder.build(DriverService.java:456)
	at org.openqa.selenium.chrome.ChromeDriverService.createServiceWithConfig(ChromeDriverService.java:165)
	at org.openqa.selenium.chrome.ChromeDriver.<init>(ChromeDriver.java:71)
	at mainTestComponents.BaseTest.initializeDriver(BaseTest.java:41)
	at mainTestComponents.BaseTest.launchApplication(BaseTest.java:72)
	at java.base/jdk.internal.reflect.NativeMethodAccessorImpl.invoke0(Native Method)
	at java.base/jdk.internal.reflect.NativeMethodAccessorImpl.invoke(NativeMethodAccessorImpl.java:77)
	at java.base/jdk.internal.reflect.DelegatingMethodAccessorImpl.invoke(DelegatingMethodAccessorImpl.java:43)
	at java.base/java.lang.reflect.Method.invoke(Method.java:568)
	at org.testng.internal.invokers.MethodInvocationHelper.invokeMethod(MethodInvocationHelper.java:139)
	at org.testng.internal.invokers.MethodInvocationHelper.invokeMethodConsideringTimeout(MethodInvocationHelper.java:69)
	at org.testng.internal.invokers.ConfigInvoker.invokeConfigurationMethod(ConfigInvoker.java:361)
	at org.testng.internal.invokers.ConfigInvoker.invokeConfigurations(ConfigInvoker.java:296)
	at org.testng.internal.invokers.TestInvoker.runConfigMethods(TestInvoker.java:823)
	at org.testng.internal.invokers.TestInvoker.invokeMethod(TestInvoker.java:590)
	at org.testng.internal.invokers.TestInvoker.invokeTestMethod(TestInvoker.java:221)
	at org.testng.internal.invokers.MethodRunner.runInSequence(MethodRunner.java:50)
	at org.testng.internal.invokers.TestInvoker$MethodInvocationAgent.invoke(TestInvoker.java:969)
	at org.testng.internal.invokers.TestInvoker.invokeTestMethods(TestInvoker.java:194)
	at org.testng.internal.invokers.TestMethodWorker.invokeTestMethods(TestMethodWorker.java:148)
	at org.testng.internal.invokers.TestMethodWorker.run(TestMethodWorker.java:128)
	at java.base/java.util.concurrent.ThreadPoolExecutor.runWorker(ThreadPoolExecutor.java:1136)
	at java.base/java.util.concurrent.ThreadPoolExecutor$Worker.run(ThreadPoolExecutor.java:635)
	at java.base/java.lang.Thread.run(Thread.java:833)
]]></failure>
  </testcase>
  <testcase name="validation" classname="tests.errorValidation" time="0">
    <skipped message="The driver executable must exist: /Users/priyankaverma/amazonFramework/./chromedriver"/>
  </testcase>
  <testcase name="closing" classname="tests.errorValidation" time="0">
    <skipped/>
  </testcase>
  <testcase name="launchApplication" classname="tests.signInFunctionality" time="2.018">
    <failure message="The driver executable must exist: /Users/priyankaverma/amazonFramework/./chromedriver" type="java.lang.IllegalStateException"><![CDATA[java.lang.IllegalStateException: The driver executable must exist: /Users/priyankaverma/amazonFramework/./chromedriver
	at org.openqa.selenium.internal.Require$FileStateChecker.isFile(Require.java:345)
	at org.openqa.selenium.remote.service.DriverService.checkExecutable(DriverService.java:161)
	at org.openqa.selenium.remote.service.DriverService.findExecutable(DriverService.java:156)
	at org.openqa.selenium.chrome.ChromeDriverService.access$000(ChromeDriverService.java:42)
	at org.openqa.selenium.chrome.ChromeDriverService$Builder.findDefaultExecutable(ChromeDriverService.java:315)
	at org.openqa.selenium.remote.service.DriverService$Builder.build(DriverService.java:456)
	at org.openqa.selenium.chrome.ChromeDriverService.createServiceWithConfig(ChromeDriverService.java:165)
	at org.openqa.selenium.chrome.ChromeDriver.<init>(ChromeDriver.java:71)
	at mainTestComponents.BaseTest.initializeDriver(BaseTest.java:41)
	at mainTestComponents.BaseTest.launchApplication(BaseTest.java:72)
	at java.base/jdk.internal.reflect.NativeMethodAccessorImpl.invoke0(Native Method)
	at java.base/jdk.internal.reflect.NativeMethodAccessorImpl.invoke(NativeMethodAccessorImpl.java:77)
	at java.base/jdk.internal.reflect.DelegatingMethodAccessorImpl.invoke(DelegatingMethodAccessorImpl.java:43)
	at java.base/java.lang.reflect.Method.invoke(Method.java:568)
	at org.testng.internal.invokers.MethodInvocationHelper.invokeMethod(MethodInvocationHelper.java:139)
	at org.testng.internal.invokers.MethodInvocationHelper.invokeMethodConsideringTimeout(MethodInvocationHelper.java:69)
	at org.testng.internal.invokers.ConfigInvoker.invokeConfigurationMethod(ConfigInvoker.java:361)
	at org.testng.internal.invokers.ConfigInvoker.invokeConfigurations(ConfigInvoker.java:296)
	at org.testng.internal.invokers.TestInvoker.runConfigMethods(TestInvoker.java:823)
	at org.testng.internal.invokers.TestInvoker.invokeMethod(TestInvoker.java:590)
	at org.testng.internal.invokers.TestInvoker.invokeTestMethod(TestInvoker.java:221)
	at org.testng.internal.invokers.MethodRunner.runInSequence(MethodRunner.java:50)
	at org.testng.internal.invokers.TestInvoker$MethodInvocationAgent.invoke(TestInvoker.java:969)
	at org.testng.internal.invokers.TestInvoker.invokeTestMethods(TestInvoker.java:194)
	at org.testng.internal.invokers.TestMethodWorker.invokeTestMethods(TestMethodWorker.java:148)
	at org.testng.internal.invokers.TestMethodWorker.run(TestMethodWorker.java:128)
	at java.base/java.util.concurrent.ThreadPoolExecutor.runWorker(ThreadPoolExecutor.java:1136)
	at java.base/java.util.concurrent.ThreadPoolExecutor$Worker.run(ThreadPoolExecutor.java:635)
	at java.base/java.lang.Thread.run(Thread.java:833)
]]></failure>
  </testcase>
  <testcase name="validLogin" classname="tests.signInFunctionality" time="0">
    <skipped message="The driver executable must exist: /Users/priyankaverma/amazonFramework/./chromedriver"/>
  </testcase>
  <testcase name="closing" classname="tests.signInFunctionality" time="0">
    <skipped/>
  </testcase>
</testsuite>