<?xml version="1.0" encoding="UTF-8"?>
<testng-results ignored="0" total="0" passed="0" failed="0" skipped="0">
  <reporter-output>
  </reporter-output>
  <suite started-at="2023-04-18T12:25:54 EDT" name="mainTestComponents.BaseTest" finished-at="2023-04-18T12:25:54 EDT" duration-ms="11">
    <groups>
    </groups>
    <test started-at="2023-04-18T12:25:54 EDT" name="Command line test" finished-at="2023-04-18T12:25:54 EDT" duration-ms="11">
    </test> <!-- Command line test -->
  </suite> <!-- mainTestComponents.BaseTest -->
</testng-results>
