<?xml version="1.0" encoding="UTF-8"?>
<!-- Generated by org.testng.reporters.JUnitXMLReporter -->
<testsuite ignored="0" hostname="Priyankas-MacBook-Air.local" failures="0" tests="13" name="/Users/priyankaverma/amazonFramework" time="379.701" errors="0" timestamp="2023-03-29T12:12:39 EDT">
  <testcase classname="tests.homePage2" name="landingPage" time="74.912"/>
  <testcase classname="tests.errorValidation" name="validation" time="1.144"/>
  <testcase classname="tests.homePage" name="createNewAccount" time="3.323"/>
  <testcase classname="tests.homePage" name="invalidUsername" time="5.395"/>
  <testcase classname="tests.homePage" name="leavingPasswordBlank" time="4.305"/>
  <testcase classname="tests.homePage" name="leavingUsernameBlank" time="2.864"/>
  <testcase classname="tests.homePage" name="validLogin" time="13.248"/>
  <testcase classname="tests.homePage" name="validUsername" time="5.082">
    <skipped/>
  </testcase> <!-- validUsername -->
  <testcase classname="tests.homePage" name="validUsername" time="6.232"/>
  <testcase classname="tests.shoppingTest" name="addProductToCart" time="29.398"/>
  <testcase classname="tests.shoppingTest" name="buyNowButton" time="16.961"/>
  <testcase classname="tests.shoppingTest" name="editQuantity" time="26.6"/>
  <testcase classname="tests.shoppingTest" name="removeProductsFromCart" time="21.999"/>
</testsuite> <!-- /Users/priyankaverma/amazonFramework -->
